#
# There is insufficient memory for the Java Runtime Environment to continue.
# Native memory allocation (malloc) failed to allocate 1474048 bytes. Error detail: Chunk::new
# Possible reasons:
#   The system is out of physical RAM or swap space
#   This process is running with CompressedOops enabled, and the Java Heap may be blocking the growth of the native heap
# Possible solutions:
#   Reduce memory load on the system
#   Increase physical memory or swap space
#   Check if swap backing store is full
#   Decrease Java heap size (-Xmx/-Xms)
#   Decrease number of Java threads
#   Decrease Java thread stack sizes (-Xss)
#   Set larger code cache with -XX:ReservedCodeCacheSize=
#   JVM is running with Zero Based Compressed Oops mode in which the Java heap is
#     placed in the first 32GB address space. The Java Heap base address is the
#     maximum limit for the native heap growth. Please use -XX:HeapBaseMinAddress
#     to set the Java Heap base and to place the Java Heap above 32GB virtual address.
# This output file may be truncated or incomplete.
#
#  Out of Memory Error (arena.cpp:186), pid=21492, tid=13844
#
# JRE version: OpenJDK Runtime Environment JBR-25.0.2+1-329.117-jcef (25.0.2+1) (build 25.0.2+1-b329.117)
# Java VM: OpenJDK 64-Bit Server VM JBR-25.0.2+1-329.117-jcef (25.0.2+1-b329.117, mixed mode, sharing, tiered, compressed oops, compressed class ptrs, g1 gc, windows-amd64)
# No core dump will be written. Minidumps are not enabled by default on client versions of Windows
#

---------------  S U M M A R Y ------------

Command Line: git4idea.http.GitAskPassApp Username for 'https://github.com': 

Host: 13th Gen Intel(R) Core(TM) i7-1355U, 12 cores, 15G,  Windows 11 , 64 bit Build 26100 (10.0.26100.7920)
Time: Mon May 11 23:12:04 2026 Hora oficial do Brasil elapsed time: 1.144460 seconds (0d 0h 0m 1s)

---------------  T H R E A D  ---------------

Current thread (0x0000026032841050):  JavaThread "C2 CompilerThread1" daemon [_thread_in_native, id=13844, stack(0x0000006055c00000,0x0000006055d00000) (1024K)]


Current CompileTask:
C2:1144 1023       4       sun.security.ec.ECOperations::setDouble (463 bytes)

Stack: [0x0000006055c00000,0x0000006055d00000]
Native frames: (J=compiled Java code, j=interpreted, Vv=VM code, C=native code)
V  [jvm.dll+0x7c0cc9]  (no source info available)
V  [jvm.dll+0x78a49d]  (no source info available)
V  [jvm.dll+0xa0e693]  (no source info available)
V  [jvm.dll+0xa10e8c]  (no source info available)
V  [jvm.dll+0xa11583]  (no source info available)
V  [jvm.dll+0x307b46]  (no source info available)
V  [jvm.dll+0x114676]  (no source info available)
V  [jvm.dll+0x1149a6]  (no source info available)
V  [jvm.dll+0x460527]  (no source info available)
V  [jvm.dll+0x42f3b2]  (no source info available)
V  [jvm.dll+0x42e7da]  (no source info available)
V  [jvm.dll+0x2c9a49]  (no source info available)
V  [jvm.dll+0x2c8bdb]  (no source info available)
V  [jvm.dll+0x240560]  (no source info available)
V  [jvm.dll+0x2d8c64]  (no source info available)
V  [jvm.dll+0x2d6e8b]  (no source info available)
V  [jvm.dll+0x49dbc5]  (no source info available)
V  [jvm.dll+0x9ae57d]  (no source info available)
V  [jvm.dll+0x7bf1e5]  (no source info available)
C  [ucrtbase.dll+0x37b0]  (no source info available)
C  [KERNEL32.DLL+0x2e8d7]  (no source info available)
C  [ntdll.dll+0x8c48c]  (no source info available)

Lock stack of current Java thread (top to bottom):


---------------  P R O C E S S  ---------------

Threads class SMR info:
_java_thread_list=0x00000260375780d0, length=15, elements={
0x0000026017011680, 0x000002602f9b1a90, 0x000002602f9b36e0, 0x000002602f9b4540,
0x000002602f9b6110, 0x000002602f9b6cd0, 0x000002602f9b7890, 0x000002602f9b9e60,
0x000002602f9bce50, 0x000002602f9c5f60, 0x000002603269b430, 0x0000026032841050,
0x00000260371799e0, 0x00000260374fc5b0, 0x00000260375819f0
}

Java Threads: ( => current thread )
  0x0000026017011680 JavaThread "main"                              [_thread_blocked, id=11584, stack(0x0000006054a00000,0x0000006054b00000) (1024K)]
  0x000002602f9b1a90 JavaThread "Common-Cleaner"             daemon [_thread_blocked, id=7740, stack(0x0000006055200000,0x0000006055300000) (1024K)]
  0x000002602f9b36e0 JavaThread "Reference Handler"          daemon [_thread_blocked, id=19744, stack(0x0000006055300000,0x0000006055400000) (1024K)]
  0x000002602f9b4540 JavaThread "Finalizer"                  daemon [_thread_blocked, id=1368, stack(0x0000006055400000,0x0000006055500000) (1024K)]
  0x000002602f9b6110 JavaThread "Signal Dispatcher"          daemon [_thread_blocked, id=9280, stack(0x0000006055500000,0x0000006055600000) (1024K)]
  0x000002602f9b6cd0 JavaThread "Attach Listener"            daemon [_thread_blocked, id=11840, stack(0x0000006055600000,0x0000006055700000) (1024K)]
  0x000002602f9b7890 JavaThread "Service Thread"             daemon [_thread_blocked, id=8576, stack(0x0000006055700000,0x0000006055800000) (1024K)]
  0x000002602f9b9e60 JavaThread "Monitor Deflation Thread"   daemon [_thread_blocked, id=8112, stack(0x0000006055800000,0x0000006055900000) (1024K)]
  0x000002602f9bce50 JavaThread "C2 CompilerThread0"         daemon [_thread_blocked, id=18324, stack(0x0000006055900000,0x0000006055a00000) (1024K)]
  0x000002602f9c5f60 JavaThread "C1 CompilerThread0"         daemon [_thread_blocked, id=17464, stack(0x0000006055a00000,0x0000006055b00000) (1024K)]
  0x000002603269b430 JavaThread "Notification Thread"        daemon [_thread_blocked, id=21144, stack(0x0000006055b00000,0x0000006055c00000) (1024K)]
=>0x0000026032841050 JavaThread "C2 CompilerThread1"         daemon [_thread_in_native, id=13844, stack(0x0000006055c00000,0x0000006055d00000) (1024K)]
  0x00000260371799e0 JavaThread "HttpClient-1-SelectorManager" daemon [_thread_in_native, id=9816, stack(0x0000006055d00000,0x0000006055e00000) (1024K)]
  0x00000260374fc5b0 JavaThread "HttpClient-1-Worker-0"      daemon [_thread_blocked, id=2672, stack(0x0000006055f00000,0x0000006056000000) (1024K)]
  0x00000260375819f0 JavaThread "HttpClient-1-Worker-1"      daemon [_thread_blocked, id=25540, stack(0x0000006056000000,0x0000006056100000) (1024K)]
Total: 15

Other Threads:
  0x000002602f9a0f60 VMThread "VM Thread"                           [id=25312, stack(0x0000006055100000,0x0000006055200000) (1024K)]
  0x000002602f98c370 WatcherThread "VM Periodic Task Thread"        [id=444, stack(0x0000006055000000,0x0000006055100000) (1024K)]
  0x0000026017075340 WorkerThread "GC Thread#0"                     [id=9772, stack(0x0000006054b00000,0x0000006054c00000) (1024K)]
  0x000002601708cc40 ConcurrentGCThread "G1 Main Marker"            [id=12796, stack(0x0000006054c00000,0x0000006054d00000) (1024K)]
  0x000002602f822820 WorkerThread "G1 Conc#0"                       [id=19180, stack(0x0000006054d00000,0x0000006054e00000) (1024K)]
  0x00000260170be940 ConcurrentGCThread "G1 Refine#0"               [id=10948, stack(0x0000006054e00000,0x0000006054f00000) (1024K)]
  0x000002602f858c60 ConcurrentGCThread "G1 Service"                [id=8156, stack(0x0000006054f00000,0x0000006055000000) (1024K)]
Total: 7

Threads with active compile tasks:
C2 CompilerThread1  1213 1023       4       sun.security.ec.ECOperations::setDouble (463 bytes)
Total: 1

VM state: not at safepoint (normal execution)

VM Mutex/Monitor currently owned by a thread: None

Heap address: 0x0000000704e00000, size: 4018 MB, Compressed Oops mode: Zero based, Oop shift amount: 3

CDS archive(s) mapped at: [0x0000000010000000-0x0000000011cd0000-0x0000000011cd0000), size 30212096, SharedBaseAddress: 0x0000000010000000, ArchiveRelocationMode: 1.
Compressed class space mapped at: 0x0000000012000000-0x0000000052000000, reserved size: 1073741824
UseCompressedClassPointers 1, UseCompactObjectHeaders 0
Narrow klass pointer bits 32, Max shift 3
Narrow klass base: 0x0000000010000000, Narrow klass shift: 0
Encoding Range: [0x0000000010000000 - 0x0000000110000000), (4294967296 bytes)
Klass Range:    [0x0000000010010000 - 0x0000000052000000), (1107230720 bytes)
Klass ID Range:  [65536 - 1107296249) (1107230713)
Protection zone: [0x0000000010000000 - 0x0000000010010000), (65536 bytes)

GC Precious Log:
 CardTable entry size: 512
 Card Set container configuration: InlinePtr #cards 4 size 8 Array Of Cards #cards 16 size 48 Howl #buckets 8 coarsen threshold 3686 Howl Bitmap #cards 512 size 80 coarsen threshold 460 Card regions per heap region 1 cards per card region 4096
 CPUs: 12 total, 12 available
 Memory: 16067M
 Large Page Support: Disabled
 NUMA Support: Disabled
 Compressed Oops: Enabled (Zero based)
 Heap Region Size: 2M
 Heap Min Capacity: 8M
 Heap Initial Capacity: 252M
 Heap Max Capacity: 4018M
 Pre-touch: Disabled
 Parallel Workers: 10
 Concurrent Workers: 3
 Concurrent Refinement Workers: 10
 Periodic GC: Disabled

Heap:
 garbage-first heap   total reserved 4114432K, committed 262144K, used 14596K [0x0000000704e00000, 0x0000000800000000)
  region size 2048K, 7 young (14336K), 0 survivors (0K)

Heap Regions: E=young(eden), S=young(survivor), O=old, HS=humongous(starts), HC=humongous(continues), CS=collection set, F=free, TAMS=top-at-mark-start, PB=parsable bottom
|   0|0x0000000704e00000, 0x0000000704e00000, 0x0000000705000000|  0%| F|  |TAMS 0x0000000704e00000| PB 0x0000000704e00000| Untracked |  0
|   1|0x0000000705000000, 0x0000000705000000, 0x0000000705200000|  0%| F|  |TAMS 0x0000000705000000| PB 0x0000000705000000| Untracked |  0
|   2|0x0000000705200000, 0x0000000705200000, 0x0000000705400000|  0%| F|  |TAMS 0x0000000705200000| PB 0x0000000705200000| Untracked |  0
|   3|0x0000000705400000, 0x0000000705400000, 0x0000000705600000|  0%| F|  |TAMS 0x0000000705400000| PB 0x0000000705400000| Untracked |  0
|   4|0x0000000705600000, 0x0000000705600000, 0x0000000705800000|  0%| F|  |TAMS 0x0000000705600000| PB 0x0000000705600000| Untracked |  0
|   5|0x0000000705800000, 0x0000000705800000, 0x0000000705a00000|  0%| F|  |TAMS 0x0000000705800000| PB 0x0000000705800000| Untracked |  0
|   6|0x0000000705a00000, 0x0000000705a00000, 0x0000000705c00000|  0%| F|  |TAMS 0x0000000705a00000| PB 0x0000000705a00000| Untracked |  0
|   7|0x0000000705c00000, 0x0000000705c00000, 0x0000000705e00000|  0%| F|  |TAMS 0x0000000705c00000| PB 0x0000000705c00000| Untracked |  0
|   8|0x0000000705e00000, 0x0000000705e00000, 0x0000000706000000|  0%| F|  |TAMS 0x0000000705e00000| PB 0x0000000705e00000| Untracked |  0
|   9|0x0000000706000000, 0x0000000706000000, 0x0000000706200000|  0%| F|  |TAMS 0x0000000706000000| PB 0x0000000706000000| Untracked |  0
|  10|0x0000000706200000, 0x0000000706200000, 0x0000000706400000|  0%| F|  |TAMS 0x0000000706200000| PB 0x0000000706200000| Untracked |  0
|  11|0x0000000706400000, 0x0000000706400000, 0x0000000706600000|  0%| F|  |TAMS 0x0000000706400000| PB 0x0000000706400000| Untracked |  0
|  12|0x0000000706600000, 0x0000000706600000, 0x0000000706800000|  0%| F|  |TAMS 0x0000000706600000| PB 0x0000000706600000| Untracked |  0
|  13|0x0000000706800000, 0x0000000706800000, 0x0000000706a00000|  0%| F|  |TAMS 0x0000000706800000| PB 0x0000000706800000| Untracked |  0
|  14|0x0000000706a00000, 0x0000000706a00000, 0x0000000706c00000|  0%| F|  |TAMS 0x0000000706a00000| PB 0x0000000706a00000| Untracked |  0
|  15|0x0000000706c00000, 0x0000000706c00000, 0x0000000706e00000|  0%| F|  |TAMS 0x0000000706c00000| PB 0x0000000706c00000| Untracked |  0
|  16|0x0000000706e00000, 0x0000000706e00000, 0x0000000707000000|  0%| F|  |TAMS 0x0000000706e00000| PB 0x0000000706e00000| Untracked |  0
|  17|0x0000000707000000, 0x0000000707000000, 0x0000000707200000|  0%| F|  |TAMS 0x0000000707000000| PB 0x0000000707000000| Untracked |  0
|  18|0x0000000707200000, 0x0000000707200000, 0x0000000707400000|  0%| F|  |TAMS 0x0000000707200000| PB 0x0000000707200000| Untracked |  0
|  19|0x0000000707400000, 0x0000000707400000, 0x0000000707600000|  0%| F|  |TAMS 0x0000000707400000| PB 0x0000000707400000| Untracked |  0
|  20|0x0000000707600000, 0x0000000707600000, 0x0000000707800000|  0%| F|  |TAMS 0x0000000707600000| PB 0x0000000707600000| Untracked |  0
|  21|0x0000000707800000, 0x0000000707800000, 0x0000000707a00000|  0%| F|  |TAMS 0x0000000707800000| PB 0x0000000707800000| Untracked |  0
|  22|0x0000000707a00000, 0x0000000707a00000, 0x0000000707c00000|  0%| F|  |TAMS 0x0000000707a00000| PB 0x0000000707a00000| Untracked |  0
|  23|0x0000000707c00000, 0x0000000707c00000, 0x0000000707e00000|  0%| F|  |TAMS 0x0000000707c00000| PB 0x0000000707c00000| Untracked |  0
|  24|0x0000000707e00000, 0x0000000707e00000, 0x0000000708000000|  0%| F|  |TAMS 0x0000000707e00000| PB 0x0000000707e00000| Untracked |  0
|  25|0x0000000708000000, 0x0000000708000000, 0x0000000708200000|  0%| F|  |TAMS 0x0000000708000000| PB 0x0000000708000000| Untracked |  0
|  26|0x0000000708200000, 0x0000000708200000, 0x0000000708400000|  0%| F|  |TAMS 0x0000000708200000| PB 0x0000000708200000| Untracked |  0
|  27|0x0000000708400000, 0x0000000708400000, 0x0000000708600000|  0%| F|  |TAMS 0x0000000708400000| PB 0x0000000708400000| Untracked |  0
|  28|0x0000000708600000, 0x0000000708600000, 0x0000000708800000|  0%| F|  |TAMS 0x0000000708600000| PB 0x0000000708600000| Untracked |  0
|  29|0x0000000708800000, 0x0000000708800000, 0x0000000708a00000|  0%| F|  |TAMS 0x0000000708800000| PB 0x0000000708800000| Untracked |  0
|  30|0x0000000708a00000, 0x0000000708a00000, 0x0000000708c00000|  0%| F|  |TAMS 0x0000000708a00000| PB 0x0000000708a00000| Untracked |  0
|  31|0x0000000708c00000, 0x0000000708c00000, 0x0000000708e00000|  0%| F|  |TAMS 0x0000000708c00000| PB 0x0000000708c00000| Untracked |  0
|  32|0x0000000708e00000, 0x0000000708e00000, 0x0000000709000000|  0%| F|  |TAMS 0x0000000708e00000| PB 0x0000000708e00000| Untracked |  0
|  33|0x0000000709000000, 0x0000000709000000, 0x0000000709200000|  0%| F|  |TAMS 0x0000000709000000| PB 0x0000000709000000| Untracked |  0
|  34|0x0000000709200000, 0x0000000709200000, 0x0000000709400000|  0%| F|  |TAMS 0x0000000709200000| PB 0x0000000709200000| Untracked |  0
|  35|0x0000000709400000, 0x0000000709400000, 0x0000000709600000|  0%| F|  |TAMS 0x0000000709400000| PB 0x0000000709400000| Untracked |  0
|  36|0x0000000709600000, 0x0000000709600000, 0x0000000709800000|  0%| F|  |TAMS 0x0000000709600000| PB 0x0000000709600000| Untracked |  0
|  37|0x0000000709800000, 0x0000000709800000, 0x0000000709a00000|  0%| F|  |TAMS 0x0000000709800000| PB 0x0000000709800000| Untracked |  0
|  38|0x0000000709a00000, 0x0000000709a00000, 0x0000000709c00000|  0%| F|  |TAMS 0x0000000709a00000| PB 0x0000000709a00000| Untracked |  0
|  39|0x0000000709c00000, 0x0000000709c00000, 0x0000000709e00000|  0%| F|  |TAMS 0x0000000709c00000| PB 0x0000000709c00000| Untracked |  0
|  40|0x0000000709e00000, 0x0000000709e00000, 0x000000070a000000|  0%| F|  |TAMS 0x0000000709e00000| PB 0x0000000709e00000| Untracked |  0
|  41|0x000000070a000000, 0x000000070a000000, 0x000000070a200000|  0%| F|  |TAMS 0x000000070a000000| PB 0x000000070a000000| Untracked |  0
|  42|0x000000070a200000, 0x000000070a200000, 0x000000070a400000|  0%| F|  |TAMS 0x000000070a200000| PB 0x000000070a200000| Untracked |  0
|  43|0x000000070a400000, 0x000000070a400000, 0x000000070a600000|  0%| F|  |TAMS 0x000000070a400000| PB 0x000000070a400000| Untracked |  0
|  44|0x000000070a600000, 0x000000070a600000, 0x000000070a800000|  0%| F|  |TAMS 0x000000070a600000| PB 0x000000070a600000| Untracked |  0
|  45|0x000000070a800000, 0x000000070a800000, 0x000000070aa00000|  0%| F|  |TAMS 0x000000070a800000| PB 0x000000070a800000| Untracked |  0
|  46|0x000000070aa00000, 0x000000070aa00000, 0x000000070ac00000|  0%| F|  |TAMS 0x000000070aa00000| PB 0x000000070aa00000| Untracked |  0
|  47|0x000000070ac00000, 0x000000070ac00000, 0x000000070ae00000|  0%| F|  |TAMS 0x000000070ac00000| PB 0x000000070ac00000| Untracked |  0
|  48|0x000000070ae00000, 0x000000070ae00000, 0x000000070b000000|  0%| F|  |TAMS 0x000000070ae00000| PB 0x000000070ae00000| Untracked |  0
|  49|0x000000070b000000, 0x000000070b000000, 0x000000070b200000|  0%| F|  |TAMS 0x000000070b000000| PB 0x000000070b000000| Untracked |  0
|  50|0x000000070b200000, 0x000000070b200000, 0x000000070b400000|  0%| F|  |TAMS 0x000000070b200000| PB 0x000000070b200000| Untracked |  0
|  51|0x000000070b400000, 0x000000070b400000, 0x000000070b600000|  0%| F|  |TAMS 0x000000070b400000| PB 0x000000070b400000| Untracked |  0
|  52|0x000000070b600000, 0x000000070b600000, 0x000000070b800000|  0%| F|  |TAMS 0x000000070b600000| PB 0x000000070b600000| Untracked |  0
|  53|0x000000070b800000, 0x000000070b800000, 0x000000070ba00000|  0%| F|  |TAMS 0x000000070b800000| PB 0x000000070b800000| Untracked |  0
|  54|0x000000070ba00000, 0x000000070ba00000, 0x000000070bc00000|  0%| F|  |TAMS 0x000000070ba00000| PB 0x000000070ba00000| Untracked |  0
|  55|0x000000070bc00000, 0x000000070bc00000, 0x000000070be00000|  0%| F|  |TAMS 0x000000070bc00000| PB 0x000000070bc00000| Untracked |  0
|  56|0x000000070be00000, 0x000000070be00000, 0x000000070c000000|  0%| F|  |TAMS 0x000000070be00000| PB 0x000000070be00000| Untracked |  0
|  57|0x000000070c000000, 0x000000070c000000, 0x000000070c200000|  0%| F|  |TAMS 0x000000070c000000| PB 0x000000070c000000| Untracked |  0
|  58|0x000000070c200000, 0x000000070c200000, 0x000000070c400000|  0%| F|  |TAMS 0x000000070c200000| PB 0x000000070c200000| Untracked |  0
|  59|0x000000070c400000, 0x000000070c400000, 0x000000070c600000|  0%| F|  |TAMS 0x000000070c400000| PB 0x000000070c400000| Untracked |  0
|  60|0x000000070c600000, 0x000000070c600000, 0x000000070c800000|  0%| F|  |TAMS 0x000000070c600000| PB 0x000000070c600000| Untracked |  0
|  61|0x000000070c800000, 0x000000070c800000, 0x000000070ca00000|  0%| F|  |TAMS 0x000000070c800000| PB 0x000000070c800000| Untracked |  0
|  62|0x000000070ca00000, 0x000000070ca00000, 0x000000070cc00000|  0%| F|  |TAMS 0x000000070ca00000| PB 0x000000070ca00000| Untracked |  0
|  63|0x000000070cc00000, 0x000000070cc00000, 0x000000070ce00000|  0%| F|  |TAMS 0x000000070cc00000| PB 0x000000070cc00000| Untracked |  0
|  64|0x000000070ce00000, 0x000000070ce00000, 0x000000070d000000|  0%| F|  |TAMS 0x000000070ce00000| PB 0x000000070ce00000| Untracked |  0
|  65|0x000000070d000000, 0x000000070d000000, 0x000000070d200000|  0%| F|  |TAMS 0x000000070d000000| PB 0x000000070d000000| Untracked |  0
|  66|0x000000070d200000, 0x000000070d200000, 0x000000070d400000|  0%| F|  |TAMS 0x000000070d200000| PB 0x000000070d200000| Untracked |  0
|  67|0x000000070d400000, 0x000000070d400000, 0x000000070d600000|  0%| F|  |TAMS 0x000000070d400000| PB 0x000000070d400000| Untracked |  0
|  68|0x000000070d600000, 0x000000070d600000, 0x000000070d800000|  0%| F|  |TAMS 0x000000070d600000| PB 0x000000070d600000| Untracked |  0
|  69|0x000000070d800000, 0x000000070d800000, 0x000000070da00000|  0%| F|  |TAMS 0x000000070d800000| PB 0x000000070d800000| Untracked |  0
|  70|0x000000070da00000, 0x000000070da00000, 0x000000070dc00000|  0%| F|  |TAMS 0x000000070da00000| PB 0x000000070da00000| Untracked |  0
|  71|0x000000070dc00000, 0x000000070dc00000, 0x000000070de00000|  0%| F|  |TAMS 0x000000070dc00000| PB 0x000000070dc00000| Untracked |  0
|  72|0x000000070de00000, 0x000000070de00000, 0x000000070e000000|  0%| F|  |TAMS 0x000000070de00000| PB 0x000000070de00000| Untracked |  0
|  73|0x000000070e000000, 0x000000070e000000, 0x000000070e200000|  0%| F|  |TAMS 0x000000070e000000| PB 0x000000070e000000| Untracked |  0
|  74|0x000000070e200000, 0x000000070e200000, 0x000000070e400000|  0%| F|  |TAMS 0x000000070e200000| PB 0x000000070e200000| Untracked |  0
|  75|0x000000070e400000, 0x000000070e400000, 0x000000070e600000|  0%| F|  |TAMS 0x000000070e400000| PB 0x000000070e400000| Untracked |  0
|  76|0x000000070e600000, 0x000000070e600000, 0x000000070e800000|  0%| F|  |TAMS 0x000000070e600000| PB 0x000000070e600000| Untracked |  0
|  77|0x000000070e800000, 0x000000070e800000, 0x000000070ea00000|  0%| F|  |TAMS 0x000000070e800000| PB 0x000000070e800000| Untracked |  0
|  78|0x000000070ea00000, 0x000000070ea00000, 0x000000070ec00000|  0%| F|  |TAMS 0x000000070ea00000| PB 0x000000070ea00000| Untracked |  0
|  79|0x000000070ec00000, 0x000000070ec00000, 0x000000070ee00000|  0%| F|  |TAMS 0x000000070ec00000| PB 0x000000070ec00000| Untracked |  0
|  80|0x000000070ee00000, 0x000000070ee00000, 0x000000070f000000|  0%| F|  |TAMS 0x000000070ee00000| PB 0x000000070ee00000| Untracked |  0
|  81|0x000000070f000000, 0x000000070f000000, 0x000000070f200000|  0%| F|  |TAMS 0x000000070f000000| PB 0x000000070f000000| Untracked |  0
|  82|0x000000070f200000, 0x000000070f200000, 0x000000070f400000|  0%| F|  |TAMS 0x000000070f200000| PB 0x000000070f200000| Untracked |  0
|  83|0x000000070f400000, 0x000000070f400000, 0x000000070f600000|  0%| F|  |TAMS 0x000000070f400000| PB 0x000000070f400000| Untracked |  0
|  84|0x000000070f600000, 0x000000070f600000, 0x000000070f800000|  0%| F|  |TAMS 0x000000070f600000| PB 0x000000070f600000| Untracked |  0
|  85|0x000000070f800000, 0x000000070f800000, 0x000000070fa00000|  0%| F|  |TAMS 0x000000070f800000| PB 0x000000070f800000| Untracked |  0
|  86|0x000000070fa00000, 0x000000070fa00000, 0x000000070fc00000|  0%| F|  |TAMS 0x000000070fa00000| PB 0x000000070fa00000| Untracked |  0
|  87|0x000000070fc00000, 0x000000070fc00000, 0x000000070fe00000|  0%| F|  |TAMS 0x000000070fc00000| PB 0x000000070fc00000| Untracked |  0
|  88|0x000000070fe00000, 0x000000070fe00000, 0x0000000710000000|  0%| F|  |TAMS 0x000000070fe00000| PB 0x000000070fe00000| Untracked |  0
|  89|0x0000000710000000, 0x0000000710000000, 0x0000000710200000|  0%| F|  |TAMS 0x0000000710000000| PB 0x0000000710000000| Untracked |  0
|  90|0x0000000710200000, 0x0000000710200000, 0x0000000710400000|  0%| F|  |TAMS 0x0000000710200000| PB 0x0000000710200000| Untracked |  0
|  91|0x0000000710400000, 0x0000000710400000, 0x0000000710600000|  0%| F|  |TAMS 0x0000000710400000| PB 0x0000000710400000| Untracked |  0
|  92|0x0000000710600000, 0x0000000710600000, 0x0000000710800000|  0%| F|  |TAMS 0x0000000710600000| PB 0x0000000710600000| Untracked |  0
|  93|0x0000000710800000, 0x0000000710800000, 0x0000000710a00000|  0%| F|  |TAMS 0x0000000710800000| PB 0x0000000710800000| Untracked |  0
|  94|0x0000000710a00000, 0x0000000710a00000, 0x0000000710c00000|  0%| F|  |TAMS 0x0000000710a00000| PB 0x0000000710a00000| Untracked |  0
|  95|0x0000000710c00000, 0x0000000710c00000, 0x0000000710e00000|  0%| F|  |TAMS 0x0000000710c00000| PB 0x0000000710c00000| Untracked |  0
|  96|0x0000000710e00000, 0x0000000710e00000, 0x0000000711000000|  0%| F|  |TAMS 0x0000000710e00000| PB 0x0000000710e00000| Untracked |  0
|  97|0x0000000711000000, 0x0000000711000000, 0x0000000711200000|  0%| F|  |TAMS 0x0000000711000000| PB 0x0000000711000000| Untracked |  0
|  98|0x0000000711200000, 0x0000000711200000, 0x0000000711400000|  0%| F|  |TAMS 0x0000000711200000| PB 0x0000000711200000| Untracked |  0
|  99|0x0000000711400000, 0x0000000711400000, 0x0000000711600000|  0%| F|  |TAMS 0x0000000711400000| PB 0x0000000711400000| Untracked |  0
| 100|0x0000000711600000, 0x0000000711600000, 0x0000000711800000|  0%| F|  |TAMS 0x0000000711600000| PB 0x0000000711600000| Untracked |  0
| 101|0x0000000711800000, 0x0000000711800000, 0x0000000711a00000|  0%| F|  |TAMS 0x0000000711800000| PB 0x0000000711800000| Untracked |  0
| 102|0x0000000711a00000, 0x0000000711a00000, 0x0000000711c00000|  0%| F|  |TAMS 0x0000000711a00000| PB 0x0000000711a00000| Untracked |  0
| 103|0x0000000711c00000, 0x0000000711c00000, 0x0000000711e00000|  0%| F|  |TAMS 0x0000000711c00000| PB 0x0000000711c00000| Untracked |  0
| 104|0x0000000711e00000, 0x0000000711e00000, 0x0000000712000000|  0%| F|  |TAMS 0x0000000711e00000| PB 0x0000000711e00000| Untracked |  0
| 105|0x0000000712000000, 0x0000000712000000, 0x0000000712200000|  0%| F|  |TAMS 0x0000000712000000| PB 0x0000000712000000| Untracked |  0
| 106|0x0000000712200000, 0x0000000712200000, 0x0000000712400000|  0%| F|  |TAMS 0x0000000712200000| PB 0x0000000712200000| Untracked |  0
| 107|0x0000000712400000, 0x0000000712400000, 0x0000000712600000|  0%| F|  |TAMS 0x0000000712400000| PB 0x0000000712400000| Untracked |  0
| 108|0x0000000712600000, 0x0000000712600000, 0x0000000712800000|  0%| F|  |TAMS 0x0000000712600000| PB 0x0000000712600000| Untracked |  0
| 109|0x0000000712800000, 0x0000000712800000, 0x0000000712a00000|  0%| F|  |TAMS 0x0000000712800000| PB 0x0000000712800000| Untracked |  0
| 110|0x0000000712a00000, 0x0000000712a00000, 0x0000000712c00000|  0%| F|  |TAMS 0x0000000712a00000| PB 0x0000000712a00000| Untracked |  0
| 111|0x0000000712c00000, 0x0000000712c00000, 0x0000000712e00000|  0%| F|  |TAMS 0x0000000712c00000| PB 0x0000000712c00000| Untracked |  0
| 112|0x0000000712e00000, 0x0000000712e00000, 0x0000000713000000|  0%| F|  |TAMS 0x0000000712e00000| PB 0x0000000712e00000| Untracked |  0
| 113|0x0000000713000000, 0x0000000713000000, 0x0000000713200000|  0%| F|  |TAMS 0x0000000713000000| PB 0x0000000713000000| Untracked |  0
| 114|0x0000000713200000, 0x0000000713200000, 0x0000000713400000|  0%| F|  |TAMS 0x0000000713200000| PB 0x0000000713200000| Untracked |  0
| 115|0x0000000713400000, 0x0000000713400000, 0x0000000713600000|  0%| F|  |TAMS 0x0000000713400000| PB 0x0000000713400000| Untracked |  0
| 116|0x0000000713600000, 0x0000000713600000, 0x0000000713800000|  0%| F|  |TAMS 0x0000000713600000| PB 0x0000000713600000| Untracked |  0
| 117|0x0000000713800000, 0x0000000713800000, 0x0000000713a00000|  0%| F|  |TAMS 0x0000000713800000| PB 0x0000000713800000| Untracked |  0
| 118|0x0000000713a00000, 0x0000000713a00000, 0x0000000713c00000|  0%| F|  |TAMS 0x0000000713a00000| PB 0x0000000713a00000| Untracked |  0
| 119|0x0000000713c00000, 0x0000000713deb8a0, 0x0000000713e00000| 96%| E|  |TAMS 0x0000000713c00000| PB 0x0000000713c00000| Complete |  0
| 120|0x0000000713e00000, 0x0000000714000000, 0x0000000714000000|100%| E|CS|TAMS 0x0000000713e00000| PB 0x0000000713e00000| Complete |  0
| 121|0x0000000714000000, 0x0000000714200000, 0x0000000714200000|100%| E|CS|TAMS 0x0000000714000000| PB 0x0000000714000000| Complete |  0
| 122|0x0000000714200000, 0x0000000714400000, 0x0000000714400000|100%| E|CS|TAMS 0x0000000714200000| PB 0x0000000714200000| Complete |  0
| 123|0x0000000714400000, 0x0000000714600000, 0x0000000714600000|100%| E|CS|TAMS 0x0000000714400000| PB 0x0000000714400000| Complete |  0
| 124|0x0000000714600000, 0x0000000714800000, 0x0000000714800000|100%| E|CS|TAMS 0x0000000714600000| PB 0x0000000714600000| Complete |  0
| 125|0x0000000714800000, 0x0000000714a00000, 0x0000000714a00000|100%| E|CS|TAMS 0x0000000714800000| PB 0x0000000714800000| Complete |  0
|2007|0x00000007ffc00000, 0x00000007ffe00000, 0x00000007ffe00000|100%| O|  |TAMS 0x00000007ffc00000| PB 0x00000007ffc00000| Untracked |  0
|2008|0x00000007ffe00000, 0x00000007ffe41038, 0x0000000800000000| 12%| O|  |TAMS 0x00000007ffe00000| PB 0x00000007ffe00000| Untracked |  0

Card table byte_map: [0x000002602b130000,0x000002602b910000] _byte_map_base: 0x0000026027909000

Marking Bits: (CMBitMap*) 0x0000026017077ae0
 Bits: [0x000002602b910000, 0x000002602f7d8000)

Polling page: 0x0000026015060000

Metaspace:
Metaspace        used 2728K, committed 2944K, reserved 1114112K
 class space     used 301K, committed 384K, reserved 1048576K

Usage:
  Non-class:      2.37 MB used.
      Class:    301.35 KB used.
       Both:      2.66 MB used.

Virtual space:
  Non-class space:       64.00 MB reserved,       2.50 MB (  4%) committed,  1 nodes.
      Class space:        1.00 GB reserved,     384.00 KB ( <1%) committed,  1 nodes.
             Both:        1.06 GB reserved,       2.88 MB ( <1%) committed. 

Chunk freelists:
   Non-Class:  10.80 MB
       Class:  15.54 MB
        Both:  26.33 MB

MaxMetaspaceSize: unlimited
CompressedClassSpaceSize: 1.00 GB
Initial GC threshold: 21.00 MB
Current GC threshold: 21.00 MB
CDS: on
 - commit_granule_bytes: 65536.
 - commit_granule_words: 8192.
 - virtual_space_node_default_size: 8388608.
 - enlarge_chunks_in_place: 1.
UseCompressedClassPointers 1, UseCompactObjectHeaders 0
Narrow klass pointer bits 32, Max shift 3
Narrow klass base: 0x0000000010000000, Narrow klass shift: 0
Encoding Range: [0x0000000010000000 - 0x0000000110000000), (4294967296 bytes)
Klass Range:    [0x0000000010010000 - 0x0000000052000000), (1107230720 bytes)
Klass ID Range:  [65536 - 1107296249) (1107230713)
Protection zone: [0x0000000010000000 - 0x0000000010010000), (65536 bytes)


Internal statistics:

num_allocs_failed_limit: 0.
num_arena_births: 72.
num_arena_deaths: 0.
num_vsnodes_births: 2.
num_vsnodes_deaths: 0.
num_space_committed: 46.
num_space_uncommitted: 0.
num_chunks_returned_to_freelist: 0.
num_chunks_taken_from_freelist: 169.
num_chunk_merges: 0.
num_chunk_splits: 100.
num_chunks_enlarged: 57.
num_inconsistent_stats: 0.

CodeHeap 'non-profiled nmethods': size=120064Kb used=297Kb max_used=297Kb free=119767Kb
 bounds [0x0000026022ec0000, 0x0000026023130000, 0x000002602a400000]
CodeHeap 'profiled nmethods': size=120000Kb used=1315Kb max_used=1315Kb free=118684Kb
 bounds [0x000002601b400000, 0x000002601b670000, 0x0000026022930000]
CodeHeap 'non-nmethods': size=5696Kb used=1399Kb max_used=1430Kb free=4297Kb
 bounds [0x0000026022930000, 0x0000026022ba0000, 0x0000026022ec0000]
CodeCache: size=245760Kb, used=3011Kb, max_used=3042Kb, free=242748Kb
 total_blobs=1551, nmethods=1031, adapters=424, full_count=0
Compilation: enabled, stopped_count=0, restarted_count=0

Compilation events (20 events):
Event: 0.508 Thread 0x000002602f9c5f60 1021       3       sun.security.util.math.intpoly.MontgomeryIntegerPolynomialP256::get0 (5 bytes)
Event: 0.508 Thread 0x000002602f9c5f60 nmethod 1021 0x000002601b547508 code [0x000002601b547600, 0x000002601b5477b8]
Event: 0.508 Thread 0x000002602f9c5f60 1022       3       sun.security.util.math.intpoly.MontgomeryIntegerPolynomialP256::get0 (13 bytes)
Event: 0.508 Thread 0x000002602f9c5f60 nmethod 1022 0x000002601b547808 code [0x000002601b547900, 0x000002601b547d48]
Event: 0.508 Thread 0x0000026032841050 1023       4       sun.security.ec.ECOperations::setDouble (463 bytes)
Event: 0.509 Thread 0x000002602f9bce50 nmethod 1016 0x0000026022f08c08 code [0x0000026022f08d00, 0x0000026022f08ea0]
Event: 0.516 Thread 0x000002602f9bce50 1024       4       sun.security.ec.ECOperations$PointMultiplier::lookup (84 bytes)
Event: 0.538 Thread 0x000002602f9bce50 nmethod 1024 0x0000026022f08f08 code [0x0000026022f09000, 0x0000026022f099a0]
Event: 0.552 Thread 0x000002602f9c5f60 1025       3       sun.security.ec.ECOperations$Secp256R1GeneratorMontgomeryMultiplier::bit (13 bytes)
Event: 0.552 Thread 0x000002602f9c5f60 nmethod 1025 0x000002601b547d88 code [0x000002601b547e80, 0x000002601b547fa0]
Event: 0.552 Thread 0x000002602f9bce50 1026       4       sun.security.util.math.intpoly.IntegerPolynomial$MutableElement::setSquare (5 bytes)
Event: 0.553 Thread 0x000002602f9c5f60 1028       3       java.lang.Enum::hashCode (21 bytes)
Event: 0.553 Thread 0x000002602f9c5f60 nmethod 1028 0x000002601b548088 code [0x000002601b548180, 0x000002601b5482f8]
Event: 0.554 Thread 0x000002602f9bce50 nmethod 1026 0x0000026022f09d08 code [0x0000026022f09e00, 0x0000026022f09fa0]
Event: 0.554 Thread 0x000002602f9c5f60 1029       3       java.util.Objects::checkFromIndexSize (8 bytes)
Event: 0.554 Thread 0x000002602f9c5f60 nmethod 1029 0x000002601b548388 code [0x000002601b548480, 0x000002601b548678]
Event: 0.556 Thread 0x000002602f9c5f60 1030       3       java.nio.Buffer::remaining (20 bytes)
Event: 0.557 Thread 0x000002602f9c5f60 nmethod 1030 0x000002601b548688 code [0x000002601b548780, 0x000002601b5488f8]
Event: 0.559 Thread 0x000002602f9c5f60 1032       3       jdk.internal.classfile.impl.BufWriterImpl::writeBytes (30 bytes)
Event: 0.560 Thread 0x000002602f9c5f60 nmethod 1032 0x000002601b548988 code [0x000002601b548a80, 0x000002601b548de0]

GC Heap Usage History (0 events):
No events

Metaspace Usage History (0 events):
No events

Dll operation events (2 events):
Event: 0.014 Loaded shared library C:\Program Files\JetBrains\IntelliJ IDEA 2026.1.1\jbr\bin\java.dll
Event: 0.136 Loaded shared library C:\Program Files\JetBrains\IntelliJ IDEA 2026.1.1\jbr\bin\zip.dll

Deoptimization events (20 events):
Event: 0.503 Thread 0x00000260374fc5b0 DEOPT PACKING pc=0x000002601b53874e sp=0x0000006055ffd250
Event: 0.503 Thread 0x00000260374fc5b0 DEOPT UNPACKING pc=0x0000026022981702 sp=0x0000006055ffc678 mode 0
Event: 0.503 Thread 0x00000260374fc5b0 DEOPT PACKING pc=0x000002601b53874e sp=0x0000006055ffd250
Event: 0.503 Thread 0x00000260374fc5b0 DEOPT UNPACKING pc=0x0000026022981702 sp=0x0000006055ffc678 mode 0
Event: 0.504 Thread 0x00000260374fc5b0 DEOPT PACKING pc=0x000002601b53874e sp=0x0000006055ffd250
Event: 0.504 Thread 0x00000260374fc5b0 DEOPT UNPACKING pc=0x0000026022981702 sp=0x0000006055ffc678 mode 0
Event: 0.504 Thread 0x00000260374fc5b0 DEOPT PACKING pc=0x000002601b53874e sp=0x0000006055ffd250
Event: 0.504 Thread 0x00000260374fc5b0 DEOPT UNPACKING pc=0x0000026022981702 sp=0x0000006055ffc678 mode 0
Event: 0.505 Thread 0x00000260374fc5b0 DEOPT PACKING pc=0x000002601b53874e sp=0x0000006055ffd250
Event: 0.505 Thread 0x00000260374fc5b0 DEOPT UNPACKING pc=0x0000026022981702 sp=0x0000006055ffc678 mode 0
Event: 0.505 Thread 0x00000260374fc5b0 DEOPT PACKING pc=0x000002601b53874e sp=0x0000006055ffd250
Event: 0.505 Thread 0x00000260374fc5b0 DEOPT UNPACKING pc=0x0000026022981702 sp=0x0000006055ffc678 mode 0
Event: 0.506 Thread 0x00000260374fc5b0 DEOPT PACKING pc=0x000002601b53874e sp=0x0000006055ffd250
Event: 0.506 Thread 0x00000260374fc5b0 DEOPT UNPACKING pc=0x0000026022981702 sp=0x0000006055ffc678 mode 0
Event: 0.506 Thread 0x00000260374fc5b0 DEOPT PACKING pc=0x000002601b53874e sp=0x0000006055ffd250
Event: 0.506 Thread 0x00000260374fc5b0 DEOPT UNPACKING pc=0x0000026022981702 sp=0x0000006055ffc678 mode 0
Event: 0.506 Thread 0x00000260374fc5b0 DEOPT PACKING pc=0x000002601b53874e sp=0x0000006055ffd250
Event: 0.506 Thread 0x00000260374fc5b0 DEOPT UNPACKING pc=0x0000026022981702 sp=0x0000006055ffc678 mode 0
Event: 0.507 Thread 0x00000260374fc5b0 DEOPT PACKING pc=0x000002601b53874e sp=0x0000006055ffd250
Event: 0.507 Thread 0x00000260374fc5b0 DEOPT UNPACKING pc=0x0000026022981702 sp=0x0000006055ffc678 mode 0

Classes loaded (20 events):
Event: 0.348 Loading class jdk/internal/event/SocketWriteEvent
Event: 0.349 Loading class jdk/internal/event/SocketWriteEvent done
Event: 0.349 Loading class jdk/internal/event/SocketReadEvent
Event: 0.350 Loading class jdk/internal/event/SocketReadEvent done
Event: 0.350 Loading class java/nio/BufferMismatch
Event: 0.350 Loading class java/nio/BufferMismatch done
Event: 0.350 Loading class sun/nio/ch/SourceChannelImpl
Event: 0.350 Loading class java/nio/channels/Pipe$SourceChannel
Event: 0.350 Loading class java/nio/channels/Pipe$SourceChannel done
Event: 0.350 Loading class sun/nio/ch/SourceChannelImpl done
Event: 0.350 Loading class sun/nio/ch/SinkChannelImpl
Event: 0.351 Loading class java/nio/channels/Pipe$SinkChannel
Event: 0.351 Loading class java/nio/channels/Pipe$SinkChannel done
Event: 0.351 Loading class sun/nio/ch/SinkChannelImpl done
Event: 0.364 Loading class sun/net/spi/DefaultProxySelector$NonProxyInfo
Event: 0.364 Loading class sun/net/spi/DefaultProxySelector$NonProxyInfo done
Event: 0.469 Loading class sun/security/ec/ECOperations$Secp256R1GeneratorMontgomeryMultiplier
Event: 0.469 Loading class sun/security/ec/ECOperations$Secp256R1GeneratorMontgomeryMultiplier done
Event: 0.469 Loading class sun/security/ec/ECOperations$DefaultMultiplier
Event: 0.469 Loading class sun/security/ec/ECOperations$DefaultMultiplier done

Classes unloaded (0 events):
No events

Classes redefined (0 events):
No events

Internal exceptions (16 events):
Event: 0.151 Thread 0x0000026017011680 Exception <a 'sun/nio/fs/WindowsException'{0x000000071476a3e0}> (0x000000071476a3e0) 
thrown [s\src\hotspot\share\prims\jni.cpp, line 535]
Event: 0.211 Thread 0x0000026017011680 Exception <a 'java/lang/NoSuchMethodError'{0x00000007144e1ce8}: 'java.lang.Object java.lang.invoke.DirectMethodHandle$Holder.invokeStaticInit(java.lang.Object, java.lang.Object, int, int, int, int)'> (0x00000007144e1ce8) 
thrown [s\src\hotspot\share\interpreter\linkResolver.cpp, line 815]
Event: 0.235 Thread 0x0000026017011680 Exception <a 'java/lang/NoSuchMethodError'{0x0000000714570df8}: 'int java.lang.invoke.DirectMethodHandle$Holder.invokeSpecialIFC(java.lang.Object, java.lang.Object, java.lang.Object)'> (0x0000000714570df8) 
thrown [s\src\hotspot\share\interpreter\linkResolver.cpp, line 815]
Event: 0.260 Thread 0x0000026017011680 Exception <a 'java/lang/NoSuchMethodError'{0x000000071426c9c8}: 'long java.lang.invoke.DirectMethodHandle$Holder.invokeSpecial(java.lang.Object, java.lang.Object)'> (0x000000071426c9c8) 
thrown [s\src\hotspot\share\interpreter\linkResolver.cpp, line 815]
Event: 0.262 Thread 0x0000026017011680 Exception <a 'java/lang/NoSuchMethodError'{0x00000007142838d8}: 'int java.lang.invoke.DirectMethodHandle$Holder.invokeStatic(java.lang.Object, java.lang.Object, java.lang.Object, java.lang.Object)'> (0x00000007142838d8) 
thrown [s\src\hotspot\share\interpreter\linkResolver.cpp, line 815]
Event: 0.359 Thread 0x0000026017011680 Exception <a 'java/lang/NoSuchMethodError'{0x00000007143cc8b8}: 'java.lang.Object java.lang.invoke.DirectMethodHandle$Holder.newInvokeSpecial(java.lang.Object, java.lang.Object, java.lang.Object, java.lang.Object, java.lang.Object)'> (0x00000007143cc8b8) 
thrown [s\src\hotspot\share\interpreter\linkResolver.cpp, line 815]
Event: 0.386 Thread 0x0000026017011680 Exception <a 'java/lang/NoSuchMethodError'{0x00000007140bf330}: 'java.lang.Object java.lang.invoke.DirectMethodHandle$Holder.invokeSpecial(java.lang.Object, java.lang.Object, java.lang.Object, java.lang.Object, java.lang.Object, int)'> (0x00000007140bf330) 
thrown [s\src\hotspot\share\interpreter\linkResolver.cpp, line 815]
Event: 0.387 Thread 0x0000026017011680 Exception <a 'java/lang/NoSuchMethodError'{0x00000007140cfb78}: 'java.lang.Object java.lang.invoke.Invokers$Holder.linkToTargetMethod(java.lang.Object, java.lang.Object, int, java.lang.Object)'> (0x00000007140cfb78) 
thrown [s\src\hotspot\share\interpreter\linkResolver.cpp, line 815]
Event: 0.392 Thread 0x0000026017011680 Exception <a 'java/lang/NoSuchMethodError'{0x00000007140f1b58}: 'void java.lang.invoke.DirectMethodHandle$Holder.invokeSpecial(java.lang.Object, java.lang.Object, java.lang.Object)'> (0x00000007140f1b58) 
thrown [s\src\hotspot\share\interpreter\linkResolver.cpp, line 815]
Event: 0.409 Thread 0x00000260371799e0 Exception <a 'java/lang/NoSuchMethodError'{0x00000007143ffc48}: 'int java.lang.invoke.DirectMethodHandle$Holder.invokeStatic(java.lang.Object, int, java.lang.Object)'> (0x00000007143ffc48) 
thrown [s\src\hotspot\share\interpreter\linkResolver.cpp, line 815]
Event: 0.411 Thread 0x00000260371799e0 Exception <a 'java/lang/NoSuchMethodError'{0x0000000713e07c68}: 'void java.lang.invoke.DirectMethodHandle$Holder.invokeStatic(java.lang.Object, java.lang.Object, int)'> (0x0000000713e07c68) 
thrown [s\src\hotspot\share\interpreter\linkResolver.cpp, line 815]
Event: 0.412 Thread 0x00000260371799e0 Exception <a 'java/lang/NoSuchMethodError'{0x0000000713e16f88}: 'java.lang.Object java.lang.invoke.DirectMethodHandle$Holder.newInvokeSpecial(java.lang.Object, java.lang.Object, int)'> (0x0000000713e16f88) 
thrown [s\src\hotspot\share\interpreter\linkResolver.cpp, line 815]
Event: 0.427 Thread 0x00000260374fc5b0 Exception <a 'java/lang/NoSuchMethodError'{0x0000000713f04740}: 'void java.lang.invoke.DirectMethodHandle$Holder.invokeInterface(java.lang.Object, java.lang.Object, java.lang.Object)'> (0x0000000713f04740) 
thrown [s\src\hotspot\share\interpreter\linkResolver.cpp, line 815]
Event: 0.431 Thread 0x0000026017011680 Exception <a 'java/lang/NoSuchMethodError'{0x00000007141ba0b0}: 'void java.lang.invoke.DirectMethodHandle$Holder.invokeSpecial(java.lang.Object, java.lang.Object, java.lang.Object, java.lang.Object, java.lang.Object)'> (0x00000007141ba0b0) 
thrown [s\src\hotspot\share\interpreter\linkResolver.cpp, line 815]
Event: 0.446 Thread 0x00000260374fc5b0 Exception <a 'java/lang/NoSuchMethodError'{0x0000000713f90e38}: 'long java.lang.invoke.DirectMethodHandle$Holder.invokeStatic(java.lang.Object, long, long)'> (0x0000000713f90e38) 
thrown [s\src\hotspot\share\interpreter\linkResolver.cpp, line 815]
Event: 0.446 Thread 0x00000260371799e0 Exception <a 'java/lang/NoSuchMethodError'{0x0000000713e54b60}: 'long java.lang.invoke.DirectMethodHandle$Holder.invokeStatic(java.lang.Object, long, long)'> (0x0000000713e54b60) 
thrown [s\src\hotspot\share\interpreter\linkResolver.cpp, line 815]

VM Operations (2 events):
Event: 0.191 Executing non-safepoint VM operation: HandshakeAllThreads (Deoptimize)
Event: 0.191 Executing non-safepoint VM operation: HandshakeAllThreads (Deoptimize) done

Memory protections (0 events):
No events

Nmethod flushes (0 events):
No events

Events (20 events):
Event: 0.057 Thread 0x0000026017011680 Thread added: 0x000002602f9b1a90
Event: 0.060 Thread 0x0000026017011680 Thread added: 0x000002602f9b36e0
Event: 0.060 Thread 0x0000026017011680 Thread added: 0x000002602f9b4540
Event: 0.060 Thread 0x0000026017011680 Thread added: 0x000002602f9b6110
Event: 0.060 Thread 0x0000026017011680 Thread added: 0x000002602f9b6cd0
Event: 0.060 Thread 0x0000026017011680 Thread added: 0x000002602f9b7890
Event: 0.060 Thread 0x0000026017011680 Thread added: 0x000002602f9b9e60
Event: 0.061 Thread 0x0000026017011680 Thread added: 0x000002602f9bce50
Event: 0.061 Thread 0x0000026017011680 Thread added: 0x000002602f9c5f60
Event: 0.070 Thread 0x0000026017011680 Thread added: 0x000002603269b430
Event: 0.076 Loaded shared library C:\Program Files\JetBrains\IntelliJ IDEA 2026.1.1\jbr\bin\net.dll
Event: 0.079 Loaded shared library C:\Program Files\JetBrains\IntelliJ IDEA 2026.1.1\jbr\bin\nio.dll
Event: 0.083 Loaded shared library C:\Program Files\JetBrains\IntelliJ IDEA 2026.1.1\jbr\bin\zip.dll
Event: 0.158 Loaded shared library C:\Program Files\JetBrains\IntelliJ IDEA 2026.1.1\jbr\bin\jimage.dll
Event: 0.176 Thread 0x000002602f9c5f60 Thread added: 0x0000026032841050
Event: 0.289 Loaded shared library C:\Program Files\JetBrains\IntelliJ IDEA 2026.1.1\jbr\bin\sunmscapi.dll
Event: 0.346 Loaded shared library C:\Program Files\JetBrains\IntelliJ IDEA 2026.1.1\jbr\bin\extnet.dll
Event: 0.354 Thread 0x0000026017011680 Thread added: 0x00000260371799e0
Event: 0.419 Thread 0x00000260371799e0 Thread added: 0x00000260374fc5b0
Event: 0.449 Thread 0x00000260371799e0 Thread added: 0x00000260375819f0


Dynamic libraries:
0x00007ff65af70000 - 0x00007ff65af7a000 	C:\Program Files\JetBrains\IntelliJ IDEA 2026.1.1\jbr\bin\java.exe
0x00007ff97e600000 - 0x00007ff97e867000 	C:\Windows\SYSTEM32\ntdll.dll
0x00007ff97cec0000 - 0x00007ff97cf89000 	C:\Windows\System32\KERNEL32.DLL
0x00007ff97b670000 - 0x00007ff97ba61000 	C:\Windows\System32\KERNELBASE.dll
0x00007ff978810000 - 0x00007ff9788af000 	C:\Windows\SYSTEM32\apphelp.dll
0x00007ff97b390000 - 0x00007ff97b4db000 	C:\Windows\System32\ucrtbase.dll
0x00007ff9691b0000 - 0x00007ff9691ce000 	C:\Program Files\JetBrains\IntelliJ IDEA 2026.1.1\jbr\bin\VCRUNTIME140.dll
0x00007ff961380000 - 0x00007ff961397000 	C:\Program Files\JetBrains\IntelliJ IDEA 2026.1.1\jbr\bin\jli.dll
0x00007ff97c890000 - 0x00007ff97ca55000 	C:\Windows\System32\USER32.dll
0x00007ff960890000 - 0x00007ff960b23000 	C:\Windows\WinSxS\amd64_microsoft.windows.common-controls_6595b64144ccf1df_6.0.26100.8037_none_3e092faae333b53b\COMCTL32.dll
0x00007ff97b4e0000 - 0x00007ff97b507000 	C:\Windows\System32\win32u.dll
0x00007ff97c520000 - 0x00007ff97c5c9000 	C:\Windows\System32\msvcrt.dll
0x00007ff97d060000 - 0x00007ff97d08b000 	C:\Windows\System32\GDI32.dll
0x00007ff97b0f0000 - 0x00007ff97b21b000 	C:\Windows\System32\gdi32full.dll
0x00007ff97b5c0000 - 0x00007ff97b663000 	C:\Windows\System32\msvcp_win.dll
0x00007ff97c720000 - 0x00007ff97c751000 	C:\Windows\System32\IMM32.DLL
0x00007ff96b820000 - 0x00007ff96b82c000 	C:\Program Files\JetBrains\IntelliJ IDEA 2026.1.1\jbr\bin\vcruntime140_1.dll
0x00007ff911cc0000 - 0x00007ff911d49000 	C:\Program Files\JetBrains\IntelliJ IDEA 2026.1.1\jbr\bin\msvcp140.dll
0x00007ff8c8fa0000 - 0x00007ff8c9ef2000 	C:\Program Files\JetBrains\IntelliJ IDEA 2026.1.1\jbr\bin\server\jvm.dll
0x00007ff97d7b0000 - 0x00007ff97d86b000 	C:\Windows\System32\ADVAPI32.dll
0x00007ff97c7e0000 - 0x00007ff97c887000 	C:\Windows\System32\sechost.dll
0x00007ff97d690000 - 0x00007ff97d7a8000 	C:\Windows\System32\RPCRT4.dll
0x00007ff97cdf0000 - 0x00007ff97ce64000 	C:\Windows\System32\WS2_32.dll
0x00007ff97ad40000 - 0x00007ff97ad9e000 	C:\Windows\SYSTEM32\POWRPROF.dll
0x00007ff972e70000 - 0x00007ff972ea5000 	C:\Windows\SYSTEM32\WINMM.dll
0x00007ff96aae0000 - 0x00007ff96aaeb000 	C:\Windows\SYSTEM32\VERSION.dll
0x00007ff97ad20000 - 0x00007ff97ad34000 	C:\Windows\SYSTEM32\UMPDC.dll
0x00007ff979bd0000 - 0x00007ff979beb000 	C:\Windows\SYSTEM32\kernel.appcore.dll
0x00007ff96aef0000 - 0x00007ff96aefa000 	C:\Program Files\JetBrains\IntelliJ IDEA 2026.1.1\jbr\bin\jimage.dll
0x00007ff960b40000 - 0x00007ff960d82000 	C:\Windows\SYSTEM32\DBGHELP.DLL
0x00007ff97ca60000 - 0x00007ff97cde2000 	C:\Windows\System32\combase.dll
0x00007ff97c5e0000 - 0x00007ff97c6b7000 	C:\Windows\System32\OLEAUT32.dll
0x00007ff95f1e0000 - 0x00007ff95f21b000 	C:\Windows\SYSTEM32\dbgcore.DLL
0x00007ff97b510000 - 0x00007ff97b5b5000 	C:\Windows\System32\bcryptPrimitives.dll
0x00007ff963190000 - 0x00007ff9631af000 	C:\Program Files\JetBrains\IntelliJ IDEA 2026.1.1\jbr\bin\java.dll
0x00007ff97e2e0000 - 0x00007ff97e475000 	C:\Windows\System32\ole32.dll
0x00007ff97db50000 - 0x00007ff97e2af000 	C:\Windows\System32\SHELL32.dll
0x00007ff97b220000 - 0x00007ff97b38a000 	C:\Windows\System32\wintypes.dll
0x00007ff97ba70000 - 0x00007ff97c2d4000 	C:\Windows\System32\windows.storage.dll
0x00007ff97da50000 - 0x00007ff97db47000 	C:\Windows\System32\SHCORE.dll
0x00007ff97c3a0000 - 0x00007ff97c407000 	C:\Windows\System32\shlwapi.dll
0x00007ff97ae00000 - 0x00007ff97ae29000 	C:\Windows\SYSTEM32\profapi.dll
0x00007ff9616f0000 - 0x00007ff961702000 	C:\Program Files\JetBrains\IntelliJ IDEA 2026.1.1\jbr\bin\net.dll
0x00007ff97a1e0000 - 0x00007ff97a24b000 	C:\Windows\system32\mswsock.dll
0x00007ff9539b0000 - 0x00007ff9539c6000 	C:\Program Files\JetBrains\IntelliJ IDEA 2026.1.1\jbr\bin\nio.dll
0x00007ff963170000 - 0x00007ff963187000 	C:\Program Files\JetBrains\IntelliJ IDEA 2026.1.1\jbr\bin\zip.dll
0x00007ff97a4c0000 - 0x00007ff97a4db000 	C:\Windows\SYSTEM32\CRYPTSP.dll
0x00007ff979bf0000 - 0x00007ff979c29000 	C:\Windows\system32\rsaenh.dll
0x00007ff97a290000 - 0x00007ff97a2c2000 	C:\Windows\SYSTEM32\USERENV.dll
0x00007ff97add0000 - 0x00007ff97adfa000 	C:\Windows\SYSTEM32\bcrypt.dll
0x00007ff97a4e0000 - 0x00007ff97a4ec000 	C:\Windows\SYSTEM32\CRYPTBASE.dll
0x00007ff9795d0000 - 0x00007ff979603000 	C:\Windows\SYSTEM32\IPHLPAPI.DLL
0x00007ff97d050000 - 0x00007ff97d05a000 	C:\Windows\System32\NSI.dll
0x00007ff969170000 - 0x00007ff96917e000 	C:\Program Files\JetBrains\IntelliJ IDEA 2026.1.1\jbr\bin\sunmscapi.dll
0x00007ff97af70000 - 0x00007ff97b0e7000 	C:\Windows\System32\CRYPT32.dll
0x00007ff97a6e0000 - 0x00007ff97a710000 	C:\Windows\SYSTEM32\ncrypt.dll
0x00007ff97a690000 - 0x00007ff97a6cf000 	C:\Windows\SYSTEM32\NTASN1.dll
0x00007ff962e00000 - 0x00007ff962e08000 	C:\Windows\system32\wshunix.dll
0x00007ff962980000 - 0x00007ff962989000 	C:\Program Files\JetBrains\IntelliJ IDEA 2026.1.1\jbr\bin\extnet.dll

JVMTI agents: none

dbghelp: loaded successfully - version: 4.0.5 - missing functions: none
symbol engine: initialized successfully - sym options: 0x614 - pdb path: .;C:\Program Files\JetBrains\IntelliJ IDEA 2026.1.1\jbr\bin;C:\Windows\SYSTEM32;C:\Windows\WinSxS\amd64_microsoft.windows.common-controls_6595b64144ccf1df_6.0.26100.8037_none_3e092faae333b53b;C:\Program Files\JetBrains\IntelliJ IDEA 2026.1.1\jbr\bin\server

VM Arguments:
java_command: git4idea.http.GitAskPassApp Username for 'https://github.com': 
java_class_path (initial): C:/Program Files/JetBrains/IntelliJ IDEA 2026.1.1/plugins/vcs-git/lib/git4idea-rt.jar;C:/Program Files/JetBrains/IntelliJ IDEA 2026.1.1/lib/externalProcess-rt.jar
Launcher Type: SUN_STANDARD

[Global flags]
     intx CICompilerCount                          = 4                                         {product} {ergonomic}
     uint ConcGCThreads                            = 3                                         {product} {ergonomic}
     uint G1ConcRefinementThreads                  = 10                                        {product} {ergonomic}
   size_t G1HeapRegionSize                         = 2097152                                   {product} {ergonomic}
   size_t InitialHeapSize                          = 264241152                                 {product} {ergonomic}
   size_t MarkStackSize                            = 4194304                                   {product} {ergonomic}
   size_t MarkStackSizeMax                         = 536870912                                 {product} {ergonomic}
   size_t MaxHeapSize                              = 4213178368                                {product} {ergonomic}
   size_t MaxNewSize                               = 2527068160                                {product} {ergonomic}
   size_t MinHeapDeltaBytes                        = 2097152                                   {product} {ergonomic}
   size_t MinHeapSize                              = 8388608                                   {product} {ergonomic}
    uintx NonNMethodCodeHeapSize                   = 5832704                                {pd product} {ergonomic}
    uintx NonProfiledCodeHeapSize                  = 122945536                              {pd product} {ergonomic}
    uintx ProfiledCodeHeapSize                     = 122880000                              {pd product} {ergonomic}
    uintx ReservedCodeCacheSize                    = 251658240                              {pd product} {ergonomic}
     bool SegmentedCodeCache                       = true                                      {product} {ergonomic}
   size_t SoftMaxHeapSize                          = 4213178368                             {manageable} {ergonomic}
     bool UseCompressedOops                        = true                           {product lp64_product} {ergonomic}
     bool UseG1GC                                  = true                                      {product} {ergonomic}
     bool UseLargePagesIndividualAllocation        = false                                  {pd product} {ergonomic}

Logging:
Log output configuration:
 #0: stdout all=warning uptime,level,tags foldmultilines=false
 #1: stderr all=off uptime,level,tags foldmultilines=false

Release file:
JAVA_VERSION="25.0.2" 
MODULES="java.base java.datatransfer java.xml java.prefs java.desktop gluegen.rt java.compiler java.instrument java.logging java.management java.security.sasl java.naming java.rmi java.management.rmi java.net.http java.scripting java.security.jgss java.transaction.xa java.sql java.sql.rowset java.xml.crypto java.se java.smartcardio jogl.all jcef jdk.accessibility jdk.internal.jvmstat jdk.attach jdk.charsets jdk.internal.opt jdk.zipfs jdk.compiler jdk.crypto.cryptoki jdk.crypto.ec jdk.crypto.mscapi jdk.dynalink jdk.hotspot.agent jdk.httpserver jdk.internal.ed jdk.internal.le jdk.internal.md jdk.internal.vm.ci jdk.javadoc jdk.jcmd jdk.jdwp.agent jdk.jdi jdk.jfr jdk.localedata jdk.management jdk.management.agent jdk.management.jfr jdk.naming.dns jdk.naming.rmi jdk.net jdk.sctp jdk.security.auth jdk.security.jgss jdk.unsupported jdk.unsupported.desktop jdk.xml.dom" 
IMPLEMENTOR="JetBrains s.r.o." 
IMPLEMENTOR_VERSION="JBR-25.0.2+1-329.117-jcef" 
JAVA_RUNTIME_VERSION="25.0.2+1-b329.117" 
LIBC="default" 
OS_ARCH="x86_64" 
OS_NAME="Windows" 
SOURCE=".:git:b692a8ec6ff7+ jcef_git:git:4a605f44671a" 
JCEF_VERSION="137.0.17.1142+g68de80b" 
JCEF_COMMIT_HASH="68de80bc86de497c8d0632ad0f8fe33625b33bff" 
JCEF_VERSION_DETAILED=137.0.17-gf354b0e-chromium-137.0.7151.104-api-1.21-261-b81

Environment Variables:
PATH=C:/Program Files (x86)/Git/mingw64/libexec/git-core;C:/Program Files (x86)/Git/mingw64/libexec/git-core;C:\Program Files (x86)\Git\mingw64\bin;C:\Program Files (x86)\Git\usr\bin;C:\Users\kauan\bin;C:\Program Files (x86)\Common Files\Oracle\Java\javapath;C:\Program Files\Common Files\Oracle\Java\javapath;C:\Windows\system32;C:\Windows;C:\Windows\System32\Wbem;C:\Windows\System32\WindowsPowerShell\v1.0\;C:\Windows\System32\OpenSSH\;C:\Program Files\Java\jdk-21\bin;C:\Program Files (x86)\Microsoft SQL Server\170\Tools\Binn\;C:\Program Files\Microsoft SQL Server\170\Tools\Binn\;C:\Program Files\Microsoft SQL Server\Client SDK\ODBC\180\Tools\Binn\;C:\Program Files\Microsoft SQL Server\170\DTS\Binn\;C:\Program Files\MySQL\MySQL Shell 8.0\bin\;C:\Users\kauan\AppData\Local\Microsoft\WindowsApps;C:\Users\kauan\AppData\Local\Programs\Microsoft VS Code\bin;C:\Users\kauan\AppData\Local\GitHubDesktop\bin
USERNAME=kauan
DISPLAY=:0.0
LC_ALL=en_US.UTF-8
TERM=xterm-256color
TMPDIR=C:\Users\kauan\AppData\Local\Temp
OS=Windows_NT
PROCESSOR_IDENTIFIER=Intel64 Family 6 Model 186 Stepping 3, GenuineIntel
TMP=C:\Users\kauan\AppData\Local\Temp
TEMP=C:\Users\kauan\AppData\Local\Temp




Compilation memory statistics disabled.

Periodic native trim disabled

JNI global refs:
JNI global refs: 19, weak refs: 0

JNI global refs memory usage: 835, weak refs: 201

Process memory usage:
Resident Set Size: 90452K (0% of 16453064K total physical memory with 2592408K free physical memory)

OOME stack traces (most recent first):
Classloader memory used:
Loader bootstrap                                                                       : 1393 K
Loader jdk.internal.loader.ClassLoaders$PlatformClassLoader                            : 1308 K
Loader jdk.internal.loader.ClassLoaders$AppClassLoader                                 : 27328 B

---------------  S Y S T E M  ---------------

OS:
 Windows 11 , 64 bit Build 26100 (10.0.26100.7920)
OS uptime: 5 days 15:31 hours
Hyper-V role detected

CPU: total 12 (initial active 12) (6 cores per cpu, 2 threads per core) family 6 model 186 stepping 3 microcode 0x411f, cx8, cmov, fxsr, ht, mmx, 3dnowpref, sse, sse2, sse3, ssse3, sse4.1, sse4.2, popcnt, lzcnt, tsc, tscinvbit, avx, avx2, aes, erms, clmul, bmi1, bmi2, adx, sha, fma, vzeroupper, clflush, clflushopt, clwb, hv, serialize, rdtscp, rdpid, fsrm, gfni, f16c, cet_ibt, cet_ss
Processor Information for processor 0
  Max Mhz: 1700, Current Mhz: 1700, Mhz Limit: 1700
Processor Information for processor 1
  Max Mhz: 1700, Current Mhz: 1457, Mhz Limit: 1700
Processor Information for processor 2
  Max Mhz: 1700, Current Mhz: 1700, Mhz Limit: 1700
Processor Information for processor 3
  Max Mhz: 1700, Current Mhz: 1457, Mhz Limit: 1700
Processor Information for processor 4
  Max Mhz: 1700, Current Mhz: 1200, Mhz Limit: 1190
Processor Information for processor 5
  Max Mhz: 1700, Current Mhz: 1200, Mhz Limit: 1190
Processor Information for processor 6
  Max Mhz: 1700, Current Mhz: 1200, Mhz Limit: 1190
Processor Information for processor 7
  Max Mhz: 1700, Current Mhz: 1200, Mhz Limit: 1190
Processor Information for processor 8
  Max Mhz: 1700, Current Mhz: 1200, Mhz Limit: 1190
Processor Information for processor 9
  Max Mhz: 1700, Current Mhz: 1200, Mhz Limit: 1190
Processor Information for processor 10
  Max Mhz: 1700, Current Mhz: 1200, Mhz Limit: 1190
Processor Information for processor 11
  Max Mhz: 1700, Current Mhz: 1200, Mhz Limit: 1190

Memory: 4k page, system-wide physical 16067M (2533M free)
TotalPageFile size 16067M (AvailPageFile size 32M)
current process WorkingSet (physical memory assigned to process): 88M, peak: 88M
current process commit charge ("private bytes"): 378M, peak: 379M

vm_info: OpenJDK 64-Bit Server VM (25.0.2+1-b329.117) for windows-amd64 JRE (25.0.2+1-b329.117), built on 2026-04-20 with MS VC++ 17.14 (VS2022)

END.
